gplink-2.2.18 (Apr 13 2020)
Listing File Generated: 2020-9-10  22:42:23
 
 
Address  Value    Disassembly              Source
-------  -----    -----------              ------
                                           ;--------------------------------------------------------
                                           ; external declarations
                                           ;--------------------------------------------------------
                                           	extern	_HIBYTEbits
                                           	extern	_FSR0bits
                                           	extern	_FSR1bits
                                           	extern	_PFLAGbits
                                           	extern	_P4CONbits
                                           	extern	_VREFCRbits
                                           	extern	_ADMbits
                                           	extern	_ADBbits
                                           	extern	_ADRbits
                                           	extern	_ADTbits
                                           	extern	_OEP0bits
                                           	extern	_EINTCRbits
                                           	extern	_OEP4bits
                                           	extern	_OEP5bits
                                           	extern	_INTFbits
                                           	extern	_INTEbits
                                           	extern	_OSCMbits
                                           	extern	_WDTCRbits
                                           	extern	_T0LDRbits
                                           	extern	_PCLbits
                                           	extern	_PCHbits
                                           	extern	_IOP0bits
                                           	extern	_IOP4bits
                                           	extern	_IOP5bits
                                           	extern	_TMRCRbits
                                           	extern	_T0CRbits
                                           	extern	_T0CNTbits
                                           	extern	_T1CRbits
                                           	extern	_T1CNTbits
                                           	extern	_T1LDRbits
                                           	extern	_MCRbits
                                           	extern	_PUP0bits
                                           	extern	_PUP4bits
                                           	extern	_PUP5bits
                                           	extern	_INDFbits
                                           	extern	_STKR3Lbits
                                           	extern	_STKR3Hbits
                                           	extern	_STKR2Lbits
                                           	extern	_STKR2Hbits
                                           	extern	_STKR1Lbits
                                           	extern	_STKR1Hbits
                                           	extern	_STKR0Lbits
                                           	extern	_STKR0Hbits
                                           	extern	_HIBYTE
                                           	extern	_FSR0
                                           	extern	_FSR1
                                           	extern	_PFLAG
                                           	extern	_P4CON
                                           	extern	_VREFCR
                                           	extern	_ADM
                                           	extern	_ADB
                                           	extern	_ADR
                                           	extern	_ADT
                                           	extern	_OEP0
                                           	extern	_EINTCR
                                           	extern	_OEP4
                                           	extern	_OEP5
                                           	extern	_INTF
                                           	extern	_INTE
                                           	extern	_OSCM
                                           	extern	_WDTCR
                                           	extern	_T0LDR
                                           	extern	_PCL
                                           	extern	_PCH
                                           	extern	_IOP0
                                           	extern	_IOP4
                                           	extern	_IOP5
                                           	extern	_TMRCR
                                           	extern	_T0CR
                                           	extern	_T0CNT
                                           	extern	_T1CR
                                           	extern	_T1CNT
                                           	extern	_T1LDR
                                           	extern	_MCR
                                           	extern	_PUP0
                                           	extern	_PUP4
                                           	extern	_PUP5
                                           	extern	_INDF
                                           	extern	_STKR3L
                                           	extern	_STKR3H
                                           	extern	_STKR2L
                                           	extern	_STKR2H
                                           	extern	_STKR1L
                                           	extern	_STKR1H
                                           	extern	_STKR0L
                                           	extern	_STKR0H
                                           ;--------------------------------------------------------
                                           ; global declarations
                                           ;--------------------------------------------------------
                                           	global	_Sys_Init
                                           	global	_INT_Init
                                           	global	_IO_Init
                                           	global	_CLR_RAM
                                           	global	_main
                                           	global	_int_isr
                                           	global	_flag1
                                           
                                           	global STK06
                                           	global STK05
                                           	global STK04
                                           	global STK03
                                           	global STK02
                                           	global STK01
                                           	global STK00
                                           
                                           sharebank udata_ovr 0x0000
                                           STK06	res 1
                                           STK05	res 1
                                           STK04	res 1
                                           STK03	res 1
                                           STK02	res 1
                                           STK01	res 1
                                           STK00	res 1
                                           
                                           ;--------------------------------------------------------
                                           ; global definitions
                                           ;--------------------------------------------------------
                                           UD_MC35P7040_Demo_C_0	udata
                                           _flag1	res	1
                                           
                                           ;--------------------------------------------------------
                                           ; absolute symbol definitions
                                           ;--------------------------------------------------------
                                           ;--------------------------------------------------------
                                           ; compiler-defined variables
                                           ;--------------------------------------------------------
                                           UDL_MC35P7040_Demo_C_0	udata
                                           r0x1000	res	1
                                           r0x1001	res	1
                                           ;--------------------------------------------------------
                                           ; initialized data
                                           ;--------------------------------------------------------
                                           
                                           ;@Allocation info for local variables in function 'CLR_RAM'
                                           ;@CLR_RAM IO_Init                   Allocated to registers ;size:2
                                           ;@CLR_RAM INT_Init                  Allocated to registers ;size:2
                                           ;@CLR_RAM Sys_Init                  Allocated to registers ;size:2
                                           ;@CLR_RAM HIBYTEbits                Allocated to registers ;size:1
                                           ;@CLR_RAM FSR0bits                  Allocated to registers ;size:1
                                           ;@CLR_RAM FSR1bits                  Allocated to registers ;size:1
                                           ;@CLR_RAM PFLAGbits                 Allocated to registers ;size:1
                                           ;@CLR_RAM P4CONbits                 Allocated to registers ;size:1
                                           ;@CLR_RAM VREFCRbits                Allocated to registers ;size:1
                                           ;@CLR_RAM ADMbits                   Allocated to registers ;size:1
                                           ;@CLR_RAM ADBbits                   Allocated to registers ;size:1
                                           ;@CLR_RAM ADRbits                   Allocated to registers ;size:1
                                           ;@CLR_RAM ADTbits                   Allocated to registers ;size:1
                                           ;@CLR_RAM OEP0bits                  Allocated to registers ;size:1
                                           ;@CLR_RAM EINTCRbits                Allocated to registers ;size:1
                                           ;@CLR_RAM OEP4bits                  Allocated to registers ;size:1
                                           ;@CLR_RAM OEP5bits                  Allocated to registers ;size:1
                                           ;@CLR_RAM INTFbits                  Allocated to registers ;size:1
                                           ;@CLR_RAM INTEbits                  Allocated to registers ;size:1
                                           ;@CLR_RAM OSCMbits                  Allocated to registers ;size:1
                                           ;@CLR_RAM WDTCRbits                 Allocated to registers ;size:1
                                           ;@CLR_RAM T0LDRbits                 Allocated to registers ;size:1
                                           ;@CLR_RAM PCLbits                   Allocated to registers ;size:1
                                           ;@CLR_RAM PCHbits                   Allocated to registers ;size:1
                                           ;@CLR_RAM IOP0bits                  Allocated to registers ;size:1
                                           ;@CLR_RAM IOP4bits                  Allocated to registers ;size:1
                                           ;@CLR_RAM IOP5bits                  Allocated to registers ;size:1
                                           ;@CLR_RAM TMRCRbits                 Allocated to registers ;size:1
                                           ;@CLR_RAM T0CRbits                  Allocated to registers ;size:1
                                           ;@CLR_RAM T0CNTbits                 Allocated to registers ;size:1
                                           ;@CLR_RAM T1CRbits                  Allocated to registers ;size:1
                                           ;@CLR_RAM T1CNTbits                 Allocated to registers ;size:1
                                           ;@CLR_RAM T1LDRbits                 Allocated to registers ;size:1
                                           ;@CLR_RAM MCRbits                   Allocated to registers ;size:1
                                           ;@CLR_RAM PUP0bits                  Allocated to registers ;size:1
                                           ;@CLR_RAM PUP4bits                  Allocated to registers ;size:1
                                           ;@CLR_RAM PUP5bits                  Allocated to registers ;size:1
                                           ;@CLR_RAM INDFbits                  Allocated to registers ;size:1
                                           ;@CLR_RAM STKR3Lbits                Allocated to registers ;size:1
                                           ;@CLR_RAM STKR3Hbits                Allocated to registers ;size:1
                                           ;@CLR_RAM STKR2Lbits                Allocated to registers ;size:1
                                           ;@CLR_RAM STKR2Hbits                Allocated to registers ;size:1
                                           ;@CLR_RAM STKR1Lbits                Allocated to registers ;size:1
                                           ;@CLR_RAM STKR1Hbits                Allocated to registers ;size:1
                                           ;@CLR_RAM STKR0Lbits                Allocated to registers ;size:1
                                           ;@CLR_RAM STKR0Hbits                Allocated to registers ;size:1
                                           ;@CLR_RAM flag1                     Allocated to registers ;size:1
                                           ;@CLR_RAM HIBYTE                    Allocated to registers ;size:1
                                           ;@CLR_RAM FSR0                      Allocated to registers ;size:1
                                           ;@CLR_RAM FSR1                      Allocated to registers ;size:1
                                           ;@CLR_RAM PFLAG                     Allocated to registers ;size:1
                                           ;@CLR_RAM P4CON                     Allocated to registers ;size:1
                                           ;@CLR_RAM VREFCR                    Allocated to registers ;size:1
                                           ;@CLR_RAM ADM                       Allocated to registers ;size:1
                                           ;@CLR_RAM ADB                       Allocated to registers ;size:1
                                           ;@CLR_RAM ADR                       Allocated to registers ;size:1
                                           ;@CLR_RAM ADT                       Allocated to registers ;size:1
                                           ;@CLR_RAM OEP0                      Allocated to registers ;size:1
                                           ;@CLR_RAM EINTCR                    Allocated to registers ;size:1
                                           ;@CLR_RAM OEP4                      Allocated to registers ;size:1
                                           ;@CLR_RAM OEP5                      Allocated to registers ;size:1
                                           ;@CLR_RAM INTF                      Allocated to registers ;size:1
                                           ;@CLR_RAM INTE                      Allocated to registers ;size:1
                                           ;@CLR_RAM OSCM                      Allocated to registers ;size:1
                                           ;@CLR_RAM WDTCR                     Allocated to registers ;size:1
                                           ;@CLR_RAM T0LDR                     Allocated to registers ;size:1
                                           ;@CLR_RAM PCL                       Allocated to registers ;size:1
                                           ;@CLR_RAM PCH                       Allocated to registers ;size:1
                                           ;@CLR_RAM IOP0                      Allocated to registers ;size:1
                                           ;@CLR_RAM IOP4                      Allocated to registers ;size:1
                                           ;@CLR_RAM IOP5                      Allocated to registers ;size:1
                                           ;@CLR_RAM TMRCR                     Allocated to registers ;size:1
                                           ;@CLR_RAM T0CR                      Allocated to registers ;size:1
                                           ;@CLR_RAM T0CNT                     Allocated to registers ;size:1
                                           ;@CLR_RAM T1CR                      Allocated to registers ;size:1
                                           ;@CLR_RAM T1CNT                     Allocated to registers ;size:1
                                           ;@CLR_RAM T1LDR                     Allocated to registers ;size:1
                                           ;@CLR_RAM MCR                       Allocated to registers ;size:1
                                           ;@CLR_RAM PUP0                      Allocated to registers ;size:1
                                           ;@CLR_RAM PUP4                      Allocated to registers ;size:1
                                           ;@CLR_RAM PUP5                      Allocated to registers ;size:1
                                           ;@CLR_RAM INDF                      Allocated to registers ;size:1
                                           ;@CLR_RAM STKR3L                    Allocated to registers ;size:1
                                           ;@CLR_RAM STKR3H                    Allocated to registers ;size:1
                                           ;@CLR_RAM STKR2L                    Allocated to registers ;size:1
                                           ;@CLR_RAM STKR2H                    Allocated to registers ;size:1
                                           ;@CLR_RAM STKR1L                    Allocated to registers ;size:1
                                           ;@CLR_RAM STKR1H                    Allocated to registers ;size:1
                                           ;@CLR_RAM STKR0L                    Allocated to registers ;size:1
                                           ;@CLR_RAM STKR0H                    Allocated to registers ;size:1
                                           ;@end Allocation info for local variables in function 'CLR_RAM';
                                           ;@Allocation info for local variables in function 'IO_Init'
                                           ;@end Allocation info for local variables in function 'IO_Init';
                                           ;@Allocation info for local variables in function 'INT_Init'
                                           ;@end Allocation info for local variables in function 'INT_Init';
                                           ;@Allocation info for local variables in function 'Sys_Init'
                                           ;@end Allocation info for local variables in function 'Sys_Init';
                                           ;@Allocation info for local variables in function 'main'
                                           ;@end Allocation info for local variables in function 'main';
                                           ;@Allocation info for local variables in function 'int_isr'
                                           ;@end Allocation info for local variables in function 'int_isr';
                                           
                                           ;--------------------------------------------------------
                                           ; overlayable items in internal ram 
                                           ;--------------------------------------------------------
                                           ;	udata_ovr
                                           ;--------------------------------------------------------
                                           ; reset vector 
                                           ;--------------------------------------------------------
                                           STARTUP	code 0x0000
000000   8033     goto    0x33             	goto	_main
                                           ;--------------------------------------------------------
                                           ; interrupt and initialization code
                                           ;--------------------------------------------------------
                                           c_interrupt	code	0x8
                                           __sdcc_interrupt
                                           ;***
                                           ;  pBlock Stats: dbName = I
                                           ;***
                                           ;entry:  _int_isr	;Function start
                                           ; 0 exit points
                                           ;2 compiler assigned registers:
                                           ;   r0x1000
                                           ;   r0x1001
                                           ;; Starting pCode block
                                           _int_isr	;Function start
                                           ; 0 exit points
                                           ;	.line	92; "MC35P7040_Demo_C.c"	__endasm;
000008   0400     push                     	push
                                           	
                                           ;	.line	93; "MC35P7040_Demo_C.c"	if(INT0IF&&INT0IE)
000009   58c8     jbset   0xc8, 0          	JBSET	_INTFbits,0
00000a   801d     goto    0x1d             	GOTO	_00128_DS_
00000b   58c9     jbset   0xc9, 0          	JBSET	_INTEbits,0
00000c   801d     goto    0x1d             	GOTO	_00128_DS_
                                           ;	.line	95; "MC35P7040_Demo_C.c"	INT0IF=0;
00000d   40c8     bclr    0xc8, 0          	BCLR	_INTFbits,0
                                           ;	.line	96; "MC35P7040_Demo_C.c"	P02D=!P02D;
00000e   2b07     clrr    0x7              	CLRR	r0x1000
00000f   52d0     jbclr   0xd0, 0x2        	JBCLR	_IOP0bits,2
000010   1607     jzr     0x7              	JZR	r0x1000
000011   0000     nop                      	NOP	
000012   1e07     movar   0x7              	MOVAR	r0x1000
000013   2d00     movai   0                	MOVAI	0x00
000014   5086     jbclr   0x86, 0          	JBCLR	PFLAG,0
000015   2d01     movai   0x1              	MOVAI	0x01
000016   1f07     movra   0x7              	MOVRA	r0x1000
000017   1f08     movra   0x8              	MOVRA	r0x1001
                                           ;;100	MOVAR	r0x1001
000018   0807     rrar    0x7              	RRAR	r0x1000
000019   5a86     jbset   0x86, 0x2        	JBSET	PFLAG,2
00001a   42d0     bclr    0xd0, 0x2        	BCLR	_IOP0bits,2
00001b   5286     jbclr   0x86, 0x2        	JBCLR	PFLAG,2
00001c   4ad0     bset    0xd0, 0x2        	BSET	_IOP0bits,2
                                           _00128_DS_
                                           ;	.line	98; "MC35P7040_Demo_C.c"	if(INT1IF&&INT1IE)
00001d   59c8     jbset   0xc8, 0x1        	JBSET	_INTFbits,1
00001e   8031     goto    0x31             	GOTO	_00131_DS_
00001f   59c9     jbset   0xc9, 0x1        	JBSET	_INTEbits,1
000020   8031     goto    0x31             	GOTO	_00131_DS_
                                           ;	.line	100; "MC35P7040_Demo_C.c"	INT1IF=0;
000021   41c8     bclr    0xc8, 0x1        	BCLR	_INTFbits,1
                                           ;	.line	101; "MC35P7040_Demo_C.c"	P03D=!P03D;
000022   2b07     clrr    0x7              	CLRR	r0x1000
000023   53d0     jbclr   0xd0, 0x3        	JBCLR	_IOP0bits,3
000024   1607     jzr     0x7              	JZR	r0x1000
000025   0000     nop                      	NOP	
000026   1e07     movar   0x7              	MOVAR	r0x1000
000027   2d00     movai   0                	MOVAI	0x00
000028   5086     jbclr   0x86, 0          	JBCLR	PFLAG,0
000029   2d01     movai   0x1              	MOVAI	0x01
00002a   1f07     movra   0x7              	MOVRA	r0x1000
00002b   1f08     movra   0x8              	MOVRA	r0x1001
                                           ;;99	MOVAR	r0x1001
00002c   0807     rrar    0x7              	RRAR	r0x1000
00002d   5a86     jbset   0x86, 0x2        	JBSET	PFLAG,2
00002e   43d0     bclr    0xd0, 0x3        	BCLR	_IOP0bits,3
00002f   5286     jbclr   0x86, 0x2        	JBCLR	PFLAG,2
000030   4bd0     bset    0xd0, 0x3        	BSET	_IOP0bits,3
                                           _00131_DS_
                                           ;	.line	105; "MC35P7040_Demo_C.c"	__endasm;
000031   0500     pop                      	pop
                                           	
                                           END_OF_INTERRUPT
                                           ;	.line	106; "MC35P7040_Demo_C.c"	}
000032   0f00     retie                    	RETIE	
                                           
                                           ;--------------------------------------------------------
                                           ; code
                                           ;--------------------------------------------------------
                                           code_MC35P7040_Demo_C	code
                                           ;***
                                           ;  pBlock Stats: dbName = M
                                           ;***
                                           ;entry:  _main	;Function start
                                           ; 2 exit points
                                           ;has an exit
                                           ;functions called:
                                           ;   _Sys_Init
                                           ;   _Sys_Init
                                           ;; Starting pCode block
                                           _main	;Function start
                                           ; 2 exit points
                                           ;	.line	83; "MC35P7040_Demo_C.c"	Sys_Init();
000033   c036     call    0x36             	CALL	_Sys_Init
                                           _00122_DS_
                                           ;	.line	84; "MC35P7040_Demo_C.c"	while(1)
000034   8034     goto    0x34             	GOTO	_00122_DS_
                                           ;	.line	87; "MC35P7040_Demo_C.c"	}
000035   0e00     return                   	RETURN	
                                           ; exit point of _main
                                           
                                           ;***
                                           ;  pBlock Stats: dbName = C
                                           ;***
                                           ;entry:  _Sys_Init	;Function start
                                           ; 2 exit points
                                           ;has an exit
                                           ;functions called:
                                           ;   _CLR_RAM
                                           ;   _IO_Init
                                           ;   _INT_Init
                                           ;   _CLR_RAM
                                           ;   _IO_Init
                                           ;   _INT_Init
                                           ;; Starting pCode block
                                           _Sys_Init	;Function start
                                           ; 2 exit points
                                           ;	.line	75; "MC35P7040_Demo_C.c"	GIE = 0;
000036   47df     bclr    0xdf, 0x7        	BCLR	_MCRbits,7
                                           ;	.line	76; "MC35P7040_Demo_C.c"	CLR_RAM();
000037   c051     call    0x51             	CALL	_CLR_RAM
                                           ;	.line	77; "MC35P7040_Demo_C.c"	IO_Init();
000038   c041     call    0x41             	CALL	_IO_Init
                                           ;	.line	78; "MC35P7040_Demo_C.c"	INT_Init();
000039   c03c     call    0x3c             	CALL	_INT_Init
                                           ;	.line	79; "MC35P7040_Demo_C.c"	GIE=1;        
00003a   4fdf     bset    0xdf, 0x7        	BSET	_MCRbits,7
                                           ;	.line	80; "MC35P7040_Demo_C.c"	}
00003b   0e00     return                   	RETURN	
                                           ; exit point of _Sys_Init
                                           
                                           ;***
                                           ;  pBlock Stats: dbName = C
                                           ;***
                                           ;entry:  _INT_Init	;Function start
                                           ; 2 exit points
                                           ;has an exit
                                           ;; Starting pCode block
                                           _INT_Init	;Function start
                                           ; 2 exit points
                                           ;	.line	63; "MC35P7040_Demo_C.c"	INT0IE=1;
00003c   48c9     bset    0xc9, 0          	BSET	_INTEbits,0
                                           ;	.line	64; "MC35P7040_Demo_C.c"	INT1IE=1;       //使能外部中断
00003d   49c9     bset    0xc9, 0x1        	BSET	_INTEbits,1
                                           ;	.line	65; "MC35P7040_Demo_C.c"	EINTCR=0x10;    //下降沿触发
00003e   2d10     movai   0x10             	MOVAI	0x10
00003f   1fbf     movra   0xbf             	MOVRA	_EINTCR
                                           ;	.line	66; "MC35P7040_Demo_C.c"	}
000040   0e00     return                   	RETURN	
                                           ; exit point of _INT_Init
                                           
                                           ;***
                                           ;  pBlock Stats: dbName = C
                                           ;***
                                           ;entry:  _IO_Init	;Function start
                                           ; 2 exit points
                                           ;has an exit
                                           ;; Starting pCode block
                                           _IO_Init	;Function start
                                           ; 2 exit points
                                           ;	.line	41; "MC35P7040_Demo_C.c"	IOP0=0x00; 	   	   	//io口数据位
000041   2bd0     clrr    0xd0             	CLRR	_IOP0
                                           ;	.line	42; "MC35P7040_Demo_C.c"	OEP0=0xfC; 	   	   	//io口方向 1:out  0:in  
000042   2dfc     movai   0xfc             	MOVAI	0xfc
000043   1fb8     movra   0xb8             	MOVRA	_OEP0
                                           ;	.line	43; "MC35P7040_Demo_C.c"	PUP0=0x03; 	   	   	//io口上拉电阻   1:enable  0:disable
000044   2d03     movai   0x3              	MOVAI	0x03
000045   1fe0     movra   0xe0             	MOVRA	_PUP0
                                           ;	.line	45; "MC35P7040_Demo_C.c"	IOP4=0x00; 	   	   	//io口数据位
000046   2bd4     clrr    0xd4             	CLRR	_IOP4
                                           ;	.line	46; "MC35P7040_Demo_C.c"	OEP4=0xf0; 	   	   	//io口方向 1:out  0:in   
000047   2df0     movai   0xf0             	MOVAI	0xf0
000048   1fc4     movra   0xc4             	MOVRA	_OEP4
                                           ;	.line	47; "MC35P7040_Demo_C.c"	PUP4=0x00; 	   	   	//io口上拉电阻   1:enable  0:disable
000049   2be4     clrr    0xe4             	CLRR	_PUP4
                                           ;	.line	49; "MC35P7040_Demo_C.c"	IOP5=0x00; 	   	   	//io口数据位
00004a   2bd5     clrr    0xd5             	CLRR	_IOP5
                                           ;	.line	50; "MC35P7040_Demo_C.c"	OEP5=0xff; 	   	   	//io口方向 1:out  0:in  
00004b   2dff     movai   0xff             	MOVAI	0xff
00004c   1fc5     movra   0xc5             	MOVRA	_OEP5
                                           ;	.line	51; "MC35P7040_Demo_C.c"	PUP5=0x00; 	   	   	//io口上拉电阻   1:enable  0:disable
00004d   2be5     clrr    0xe5             	CLRR	_PUP5
                                           ;	.line	53; "MC35P7040_Demo_C.c"	P4CON=0xff;
00004e   2dff     movai   0xff             	MOVAI	0xff
00004f   1fae     movra   0xae             	MOVRA	_P4CON
                                           ;	.line	54; "MC35P7040_Demo_C.c"	}
000050   0e00     return                   	RETURN	
                                           ; exit point of _IO_Init
                                           
                                           ;***
                                           ;  pBlock Stats: dbName = C
                                           ;***
                                           ;entry:  _CLR_RAM	;Function start
                                           ; 2 exit points
                                           ;has an exit
                                           ;; Starting pCode block
                                           _CLR_RAM	;Function start
                                           ; 2 exit points
                                           ;	.line	31; "MC35P7040_Demo_C.c"	__endasm;
000051   2d3f     movai   0x3f             	movai	0x3F
000052   1f83     movra   0x83             	movra	FSR0
000053   2b84     clrr    0x84             	clrr	FSR1
000054   2be7     clrr    0xe7             	clrr	INDF
000055   2683     djzr    0x83             	DJZR	FSR0
000056   8054     goto    0x54             	goto	$-2
000057   2be7     clrr    0xe7             	clrr	INDF
                                           ;	.line	32; "MC35P7040_Demo_C.c"	}
000058   0e00     return                   	RETURN	
                                           ; exit point of _CLR_RAM
                                           
                                           
                                           ;	code size estimation:
                                           ;	   72+    0 =    72 instructions (  144 byte)
                                           
                                           	end


MEMORY USAGE MAP ('X' = Used,  '-' = Unused)

0000 : XX-------------- XXXXXXXXXXXXXXXX XXXXXXXXXXXXXXXX XXXXXXXXXXXXXXXX
0040 : XXXXXXXXXXXXXXXX XXXXXXXXXXXXXXXX XXXXXXXXXXXXXXXX XXXXXXXXXXXXXXXX
0080 : XXXXXXXXXXXXXXXX XXXXXXXXXXXXXXXX XXXXXXXXXXXXXXXX XX--------------

All other memory blocks unused.

Program Memory Words Used:    82

